[ 2018-04-24T13:42:13+08:00 ] 127.0.0.1 /
INFO: [ app_init ] --START--
INFO: Run Behavior\BuildLiteBehavior [ RunTime:0.000204s ]
INFO: [ app_init ] --END-- [ RunTime:0.000801s ]
INFO: [ app_begin ] --START--
INFO: Run Behavior\ReadHtmlCacheBehavior [ RunTime:0.000853s ]
INFO: [ app_begin ] --END-- [ RunTime:0.000973s ]

[ 2018-04-24T13:42:13+08:00 ] 127.0.0.1 /User/login
INFO: [ app_init ] --START--
INFO: Run Behavior\BuildLiteBehavior [ RunTime:0.000041s ]
INFO: [ app_init ] --END-- [ RunTime:0.000171s ]
INFO: [ app_begin ] --START--
INFO: Run Behavior\ReadHtmlCacheBehavior [ RunTime:0.000507s ]
INFO: [ app_begin ] --END-- [ RunTime:0.000620s ]
INFO: [ view_parse ] --START--
INFO: [ template_filter ] --START--
INFO: Run Behavior\ContentReplaceBehavior [ RunTime:0.000022s ]
INFO: [ template_filter ] --END-- [ RunTime:0.000063s ]
INFO: Run Behavior\ParseTemplateBehavior [ RunTime:0.015435s ]
INFO: [ view_parse ] --END-- [ RunTime:0.015499s ]
INFO: [ view_filter ] --START--
INFO: Run Behavior\WriteHtmlCacheBehavior [ RunTime:0.000410s ]
INFO: [ view_filter ] --END-- [ RunTime:0.000437s ]
INFO: [ app_end ] --START--
INFO: Run Behavior\ShowPageTraceBehavior [ RunTime:0.000649s ]
INFO: [ app_end ] --END-- [ RunTime:0.000687s ]

[ 2018-04-24T13:42:15+08:00 ] 127.0.0.1 /favicon.ico
INFO: [ app_init ] --START--
INFO: Run Behavior\BuildLiteBehavior [ RunTime:0.000016s ]
INFO: [ app_init ] --END-- [ RunTime:0.000045s ]

[ 2018-04-24T13:42:19+08:00 ] 127.0.0.1 /user/loginIn
INFO: [ app_init ] --START--
INFO: Run Behavior\BuildLiteBehavior [ RunTime:0.000017s ]
INFO: [ app_init ] --END-- [ RunTime:0.000052s ]
INFO: [ app_begin ] --START--
INFO: Run Behavior\ReadHtmlCacheBehavior [ RunTime:0.000344s ]
INFO: [ app_begin ] --END-- [ RunTime:0.000387s ]
SQL: SHOW COLUMNS FROM `mst_company_user` [ RunTime:0.0149s ]
SQL: SELECT * FROM `mst_company_user` WHERE ( login = 'admin' and password = '69c5fcebaa65b560eaf06c3fbeb481ae44b8d618' ) LIMIT 1   [ RunTime:0.0027s ]

[ 2018-04-24T13:42:19+08:00 ] 127.0.0.1 /index/index
INFO: [ app_init ] --START--
INFO: Run Behavior\BuildLiteBehavior [ RunTime:0.000018s ]
INFO: [ app_init ] --END-- [ RunTime:0.000056s ]
INFO: [ app_begin ] --START--
INFO: Run Behavior\ReadHtmlCacheBehavior [ RunTime:0.000298s ]
INFO: [ app_begin ] --END-- [ RunTime:0.000343s ]
SQL: SHOW COLUMNS FROM `mst_edit_company` [ RunTime:0.0030s ]
SQL: SELECT `photo_url` FROM `mst_edit_company` WHERE ( cid = '6' ) LIMIT 1   [ RunTime:0.0015s ]
SQL: SHOW COLUMNS FROM `mst_company` [ RunTime:0.0025s ]
SQL: SELECT `company_name` FROM `mst_company` WHERE ( uid = '6' ) LIMIT 1   [ RunTime:0.0004s ]
SQL: SHOW COLUMNS FROM `mst_product` [ RunTime:0.0026s ]
SQL: SELECT * FROM `mst_product` WHERE ( cid = '6' ) LIMIT 3   [ RunTime:0.0004s ]
SQL: select * from mst_batch,mst_product where mst_batch.pid=mst_product.pid and mst_batch.cid = 6 order by mst_batch.createtime desc limit 3 [ RunTime:0.0046s ]
INFO: [ view_parse ] --START--
INFO: [ template_filter ] --START--
INFO: Run Behavior\ContentReplaceBehavior [ RunTime:0.000054s ]
INFO: [ template_filter ] --END-- [ RunTime:0.000103s ]
INFO: Run Behavior\ParseTemplateBehavior [ RunTime:0.017926s ]
INFO: [ view_parse ] --END-- [ RunTime:0.017982s ]
INFO: [ view_filter ] --START--
INFO: Run Behavior\WriteHtmlCacheBehavior [ RunTime:0.000197s ]
INFO: [ view_filter ] --END-- [ RunTime:0.000232s ]
INFO: [ app_end ] --START--
INFO: Run Behavior\ShowPageTraceBehavior [ RunTime:0.000523s ]
INFO: [ app_end ] --END-- [ RunTime:0.000573s ]

[ 2018-04-24T13:42:27+08:00 ] 127.0.0.1 /product/manager/
INFO: [ app_init ] --START--
INFO: Run Behavior\BuildLiteBehavior [ RunTime:0.000016s ]
INFO: [ app_init ] --END-- [ RunTime:0.000046s ]
INFO: [ app_begin ] --START--
INFO: Run Behavior\ReadHtmlCacheBehavior [ RunTime:0.000320s ]
INFO: [ app_begin ] --END-- [ RunTime:0.000371s ]
SQL: SHOW COLUMNS FROM `mst_product` [ RunTime:0.0009s ]
SQL: SHOW COLUMNS FROM `mst_company` [ RunTime:0.0007s ]
SQL: SELECT `cid` FROM `mst_company` WHERE ( uid=6 ) LIMIT 1   [ RunTime:0.0002s ]
SQL: SELECT COUNT(*) AS tp_count FROM `mst_product` LIMIT 1   [ RunTime:0.0015s ]
SQL: SELECT * FROM `mst_product` ORDER BY createtime desc  [ RunTime:0.0009s ]
NOTIC: [8] Undefined variable: show /Users/luochao/PhpProject/wfw/MST/Home/Controller/ProductController.class.php 第 192 行.
INFO: [ view_parse ] --START--
INFO: [ template_filter ] --START--
INFO: Run Behavior\ContentReplaceBehavior [ RunTime:0.000059s ]
INFO: [ template_filter ] --END-- [ RunTime:0.000117s ]
NOTIC: [8] Undefined variable: mode /Users/luochao/PhpProject/wfw/MST/Runtime/Cache/Home/43ad964c92d043add0f3eeb902b06630.php 第 208 行.
INFO: Run Behavior\ParseTemplateBehavior [ RunTime:0.013003s ]
INFO: [ view_parse ] --END-- [ RunTime:0.013101s ]
INFO: [ view_filter ] --START--
INFO: Run Behavior\WriteHtmlCacheBehavior [ RunTime:0.000348s ]
INFO: [ view_filter ] --END-- [ RunTime:0.000408s ]
INFO: [ app_end ] --START--
INFO: Run Behavior\ShowPageTraceBehavior [ RunTime:0.000617s ]
INFO: [ app_end ] --END-- [ RunTime:0.000685s ]

[ 2018-04-24T13:42:30+08:00 ] 127.0.0.1 /pecorder/manager/
INFO: [ app_init ] --START--
INFO: Run Behavior\BuildLiteBehavior [ RunTime:0.000025s ]
INFO: [ app_init ] --END-- [ RunTime:0.000077s ]
INFO: [ app_begin ] --START--
INFO: Run Behavior\ReadHtmlCacheBehavior [ RunTime:0.000521s ]
INFO: [ app_begin ] --END-- [ RunTime:0.000569s ]
SQL: SHOW COLUMNS FROM `mst_batch` [ RunTime:0.0006s ]
SQL: SHOW COLUMNS FROM `mst_pec_order` [ RunTime:0.0032s ]
SQL: SHOW COLUMNS FROM `mst_product` [ RunTime:0.0007s ]
SQL: SELECT COUNT(*) AS tp_count FROM `mst_pec_order` WHERE ( cid='6' ) LIMIT 1   [ RunTime:0.0007s ]
SQL: select * from mst_batch,mst_product,mst_pec_order where mst_product.pid = mst_batch.pid and mst_batch.bid = mst_pec_order.bid  order by mst_pec_order.createtime desc [ RunTime:0.0141s ]
INFO: [ view_parse ] --START--
INFO: [ template_filter ] --START--
INFO: Run Behavior\ContentReplaceBehavior [ RunTime:0.000044s ]
INFO: [ template_filter ] --END-- [ RunTime:0.000127s ]
NOTIC: [8] Undefined variable: mode /Users/luochao/PhpProject/wfw/MST/Runtime/Cache/Home/cee8f6fedc40ea3e26f44c740bc6a47a.php 第 208 行.
NOTIC: [8] Undefined variable: bid /Users/luochao/PhpProject/wfw/MST/Runtime/Cache/Home/cee8f6fedc40ea3e26f44c740bc6a47a.php 第 280 行.
NOTIC: [8] Undefined variable: product_code /Users/luochao/PhpProject/wfw/MST/Runtime/Cache/Home/cee8f6fedc40ea3e26f44c740bc6a47a.php 第 280 行.
INFO: Run Behavior\ParseTemplateBehavior [ RunTime:0.012324s ]
INFO: [ view_parse ] --END-- [ RunTime:0.012397s ]
INFO: [ view_filter ] --START--
INFO: Run Behavior\WriteHtmlCacheBehavior [ RunTime:0.000213s ]
INFO: [ view_filter ] --END-- [ RunTime:0.000253s ]
INFO: [ app_end ] --START--
INFO: Run Behavior\ShowPageTraceBehavior [ RunTime:0.000682s ]
INFO: [ app_end ] --END-- [ RunTime:0.000746s ]

[ 2018-04-24T13:42:33+08:00 ] 127.0.0.1 /apiconfig/manager
INFO: [ app_init ] --START--
INFO: Run Behavior\BuildLiteBehavior [ RunTime:0.000029s ]
INFO: [ app_init ] --END-- [ RunTime:0.000114s ]
INFO: [ app_begin ] --START--
INFO: Run Behavior\ReadHtmlCacheBehavior [ RunTime:0.000291s ]
INFO: [ app_begin ] --END-- [ RunTime:0.000348s ]
SQL: SHOW COLUMNS FROM `mst_api_list` [ RunTime:0.0030s ]
SQL: SELECT * FROM `mst_api_list` ORDER BY createtime desc  [ RunTime:0.0011s ]
INFO: [ view_parse ] --START--
INFO: [ template_filter ] --START--
INFO: Run Behavior\ContentReplaceBehavior [ RunTime:0.000038s ]
INFO: [ template_filter ] --END-- [ RunTime:0.000076s ]
NOTIC: [8] Undefined variable: mode /Users/luochao/PhpProject/wfw/MST/Runtime/Cache/Home/06b2b1093f830869ad3c274ac308a12b.php 第 208 行.
NOTIC: [8] Undefined index: api_encodemode /Users/luochao/PhpProject/wfw/MST/Runtime/Cache/Home/06b2b1093f830869ad3c274ac308a12b.php 第 311 行.
NOTIC: [8] Undefined index: api_encodemode /Users/luochao/PhpProject/wfw/MST/Runtime/Cache/Home/06b2b1093f830869ad3c274ac308a12b.php 第 311 行.
NOTIC: [8] Undefined index: api_encodemode /Users/luochao/PhpProject/wfw/MST/Runtime/Cache/Home/06b2b1093f830869ad3c274ac308a12b.php 第 311 行.
NOTIC: [8] Undefined index: api_encodemode /Users/luochao/PhpProject/wfw/MST/Runtime/Cache/Home/06b2b1093f830869ad3c274ac308a12b.php 第 311 行.
NOTIC: [8] Undefined index: api_encodemode /Users/luochao/PhpProject/wfw/MST/Runtime/Cache/Home/06b2b1093f830869ad3c274ac308a12b.php 第 311 行.
NOTIC: [8] Undefined index: api_encodemode /Users/luochao/PhpProject/wfw/MST/Runtime/Cache/Home/06b2b1093f830869ad3c274ac308a12b.php 第 311 行.
NOTIC: [8] Undefined index: api_encodemode /Users/luochao/PhpProject/wfw/MST/Runtime/Cache/Home/06b2b1093f830869ad3c274ac308a12b.php 第 311 行.
NOTIC: [8] Undefined index: api_encodemode /Users/luochao/PhpProject/wfw/MST/Runtime/Cache/Home/06b2b1093f830869ad3c274ac308a12b.php 第 311 行.
NOTIC: [8] Undefined index: api_encodemode /Users/luochao/PhpProject/wfw/MST/Runtime/Cache/Home/06b2b1093f830869ad3c274ac308a12b.php 第 311 行.
NOTIC: [8] Undefined index: api_encodemode /Users/luochao/PhpProject/wfw/MST/Runtime/Cache/Home/06b2b1093f830869ad3c274ac308a12b.php 第 311 行.
NOTIC: [8] Undefined index: api_encodemode /Users/luochao/PhpProject/wfw/MST/Runtime/Cache/Home/06b2b1093f830869ad3c274ac308a12b.php 第 311 行.
NOTIC: [8] Undefined variable: page /Users/luochao/PhpProject/wfw/MST/Runtime/Cache/Home/06b2b1093f830869ad3c274ac308a12b.php 第 330 行.
INFO: Run Behavior\ParseTemplateBehavior [ RunTime:0.010759s ]
INFO: [ view_parse ] --END-- [ RunTime:0.010800s ]
INFO: [ view_filter ] --START--
INFO: Run Behavior\WriteHtmlCacheBehavior [ RunTime:0.000122s ]
INFO: [ view_filter ] --END-- [ RunTime:0.000155s ]
INFO: [ app_end ] --START--
INFO: Run Behavior\ShowPageTraceBehavior [ RunTime:0.000449s ]
INFO: [ app_end ] --END-- [ RunTime:0.000506s ]

[ 2018-04-24T13:42:40+08:00 ] 127.0.0.1 /datashow/index
INFO: [ app_init ] --START--
INFO: Run Behavior\BuildLiteBehavior [ RunTime:0.000016s ]
INFO: [ app_init ] --END-- [ RunTime:0.000046s ]
INFO: [ app_begin ] --START--
INFO: Run Behavior\ReadHtmlCacheBehavior [ RunTime:0.000326s ]
INFO: [ app_begin ] --END-- [ RunTime:0.000368s ]
SQL: SHOW COLUMNS FROM `mst_product` [ RunTime:0.0010s ]
SQL: SELECT * FROM `mst_product` WHERE ( cid = '6' )  [ RunTime:0.0004s ]
SQL: SHOW COLUMNS FROM `mst_provincial` [ RunTime:0.0028s ]
SQL: SELECT * FROM `mst_provincial`  [ RunTime:0.0003s ]
INFO: [ view_parse ] --START--
INFO: [ template_filter ] --START--
INFO: Run Behavior\ContentReplaceBehavior [ RunTime:0.000077s ]
INFO: [ template_filter ] --END-- [ RunTime:0.000120s ]
NOTIC: [8] Undefined variable: page_id /Users/luochao/PhpProject/wfw/MST/Runtime/Cache/Home/8fc90ff6844a5386e8a2201fd589ec70.php 第 88 行.
NOTIC: [8] Undefined variable: page_id /Users/luochao/PhpProject/wfw/MST/Runtime/Cache/Home/8fc90ff6844a5386e8a2201fd589ec70.php 第 89 行.
NOTIC: [8] Undefined variable: page_id /Users/luochao/PhpProject/wfw/MST/Runtime/Cache/Home/8fc90ff6844a5386e8a2201fd589ec70.php 第 97 行.
NOTIC: [8] Undefined variable: page_id /Users/luochao/PhpProject/wfw/MST/Runtime/Cache/Home/8fc90ff6844a5386e8a2201fd589ec70.php 第 98 行.
NOTIC: [8] Undefined variable: page_id /Users/luochao/PhpProject/wfw/MST/Runtime/Cache/Home/8fc90ff6844a5386e8a2201fd589ec70.php 第 99 行.
NOTIC: [8] Undefined variable: page_id /Users/luochao/PhpProject/wfw/MST/Runtime/Cache/Home/8fc90ff6844a5386e8a2201fd589ec70.php 第 108 行.
NOTIC: [8] Undefined variable: page_id /Users/luochao/PhpProject/wfw/MST/Runtime/Cache/Home/8fc90ff6844a5386e8a2201fd589ec70.php 第 109 行.
NOTIC: [8] Undefined variable: page_id /Users/luochao/PhpProject/wfw/MST/Runtime/Cache/Home/8fc90ff6844a5386e8a2201fd589ec70.php 第 110 行.
NOTIC: [8] Undefined variable: page_id /Users/luochao/PhpProject/wfw/MST/Runtime/Cache/Home/8fc90ff6844a5386e8a2201fd589ec70.php 第 124 行.
NOTIC: [8] Undefined variable: page_id /Users/luochao/PhpProject/wfw/MST/Runtime/Cache/Home/8fc90ff6844a5386e8a2201fd589ec70.php 第 125 行.
NOTIC: [8] Undefined variable: page_id /Users/luochao/PhpProject/wfw/MST/Runtime/Cache/Home/8fc90ff6844a5386e8a2201fd589ec70.php 第 145 行.
NOTIC: [8] Undefined variable: page_id /Users/luochao/PhpProject/wfw/MST/Runtime/Cache/Home/8fc90ff6844a5386e8a2201fd589ec70.php 第 146 行.
NOTIC: [8] Undefined variable: page_id /Users/luochao/PhpProject/wfw/MST/Runtime/Cache/Home/8fc90ff6844a5386e8a2201fd589ec70.php 第 156 行.
NOTIC: [8] Undefined variable: page_id /Users/luochao/PhpProject/wfw/MST/Runtime/Cache/Home/8fc90ff6844a5386e8a2201fd589ec70.php 第 157 行.
NOTIC: [8] Undefined variable: page_id /Users/luochao/PhpProject/wfw/MST/Runtime/Cache/Home/8fc90ff6844a5386e8a2201fd589ec70.php 第 158 行.
NOTIC: [8] Undefined variable: page_id /Users/luochao/PhpProject/wfw/MST/Runtime/Cache/Home/8fc90ff6844a5386e8a2201fd589ec70.php 第 172 行.
NOTIC: [8] Undefined variable: page_id /Users/luochao/PhpProject/wfw/MST/Runtime/Cache/Home/8fc90ff6844a5386e8a2201fd589ec70.php 第 173 行.
NOTIC: [8] Undefined variable: page_id /Users/luochao/PhpProject/wfw/MST/Runtime/Cache/Home/8fc90ff6844a5386e8a2201fd589ec70.php 第 199 行.
NOTIC: [8] Undefined variable: page_id /Users/luochao/PhpProject/wfw/MST/Runtime/Cache/Home/8fc90ff6844a5386e8a2201fd589ec70.php 第 209 行.
NOTIC: [8] Undefined variable: mode /Users/luochao/PhpProject/wfw/MST/Runtime/Cache/Home/8fc90ff6844a5386e8a2201fd589ec70.php 第 211 行.
INFO: Run Behavior\ParseTemplateBehavior [ RunTime:0.013780s ]
INFO: [ view_parse ] --END-- [ RunTime:0.013811s ]
INFO: [ view_filter ] --START--
INFO: Run Behavior\WriteHtmlCacheBehavior [ RunTime:0.000126s ]
INFO: [ view_filter ] --END-- [ RunTime:0.000158s ]
INFO: [ app_end ] --START--
INFO: Run Behavior\ShowPageTraceBehavior [ RunTime:0.000475s ]
INFO: [ app_end ] --END-- [ RunTime:0.000540s ]

[ 2018-04-24T13:42:40+08:00 ] 127.0.0.1 /assets/images/icon_01.jpg.
INFO: [ app_init ] --START--
INFO: Run Behavior\BuildLiteBehavior [ RunTime:0.000028s ]
INFO: [ app_init ] --END-- [ RunTime:0.000083s ]
INFO: [ app_begin ] --START--
INFO: Run Behavior\ReadHtmlCacheBehavior [ RunTime:0.000495s ]
INFO: [ app_begin ] --END-- [ RunTime:0.000566s ]
ERR: 无法加载控制器:Assets

[ 2018-04-24T13:42:42+08:00 ] 127.0.0.1 /apiconfig/manager
INFO: [ app_init ] --START--
INFO: Run Behavior\BuildLiteBehavior [ RunTime:0.000016s ]
INFO: [ app_init ] --END-- [ RunTime:0.000048s ]
INFO: [ app_begin ] --START--
INFO: Run Behavior\ReadHtmlCacheBehavior [ RunTime:0.000328s ]
INFO: [ app_begin ] --END-- [ RunTime:0.000375s ]
SQL: SHOW COLUMNS FROM `mst_api_list` [ RunTime:0.0009s ]
SQL: SELECT * FROM `mst_api_list` ORDER BY createtime desc  [ RunTime:0.0006s ]
INFO: [ view_parse ] --START--
INFO: [ template_filter ] --START--
INFO: Run Behavior\ContentReplaceBehavior [ RunTime:0.000050s ]
INFO: [ template_filter ] --END-- [ RunTime:0.000091s ]
NOTIC: [8] Undefined variable: mode /Users/luochao/PhpProject/wfw/MST/Runtime/Cache/Home/06b2b1093f830869ad3c274ac308a12b.php 第 208 行.
NOTIC: [8] Undefined index: api_encodemode /Users/luochao/PhpProject/wfw/MST/Runtime/Cache/Home/06b2b1093f830869ad3c274ac308a12b.php 第 311 行.
NOTIC: [8] Undefined index: api_encodemode /Users/luochao/PhpProject/wfw/MST/Runtime/Cache/Home/06b2b1093f830869ad3c274ac308a12b.php 第 311 行.
NOTIC: [8] Undefined index: api_encodemode /Users/luochao/PhpProject/wfw/MST/Runtime/Cache/Home/06b2b1093f830869ad3c274ac308a12b.php 第 311 行.
NOTIC: [8] Undefined index: api_encodemode /Users/luochao/PhpProject/wfw/MST/Runtime/Cache/Home/06b2b1093f830869ad3c274ac308a12b.php 第 311 行.
NOTIC: [8] Undefined index: api_encodemode /Users/luochao/PhpProject/wfw/MST/Runtime/Cache/Home/06b2b1093f830869ad3c274ac308a12b.php 第 311 行.
NOTIC: [8] Undefined index: api_encodemode /Users/luochao/PhpProject/wfw/MST/Runtime/Cache/Home/06b2b1093f830869ad3c274ac308a12b.php 第 311 行.
NOTIC: [8] Undefined index: api_encodemode /Users/luochao/PhpProject/wfw/MST/Runtime/Cache/Home/06b2b1093f830869ad3c274ac308a12b.php 第 311 行.
NOTIC: [8] Undefined index: api_encodemode /Users/luochao/PhpProject/wfw/MST/Runtime/Cache/Home/06b2b1093f830869ad3c274ac308a12b.php 第 311 行.
NOTIC: [8] Undefined index: api_encodemode /Users/luochao/PhpProject/wfw/MST/Runtime/Cache/Home/06b2b1093f830869ad3c274ac308a12b.php 第 311 行.
NOTIC: [8] Undefined index: api_encodemode /Users/luochao/PhpProject/wfw/MST/Runtime/Cache/Home/06b2b1093f830869ad3c274ac308a12b.php 第 311 行.
NOTIC: [8] Undefined index: api_encodemode /Users/luochao/PhpProject/wfw/MST/Runtime/Cache/Home/06b2b1093f830869ad3c274ac308a12b.php 第 311 行.
NOTIC: [8] Undefined variable: page /Users/luochao/PhpProject/wfw/MST/Runtime/Cache/Home/06b2b1093f830869ad3c274ac308a12b.php 第 330 行.
INFO: Run Behavior\ParseTemplateBehavior [ RunTime:0.010461s ]
INFO: [ view_parse ] --END-- [ RunTime:0.010512s ]
INFO: [ view_filter ] --START--
INFO: Run Behavior\WriteHtmlCacheBehavior [ RunTime:0.000148s ]
INFO: [ view_filter ] --END-- [ RunTime:0.000174s ]
INFO: [ app_end ] --START--
INFO: Run Behavior\ShowPageTraceBehavior [ RunTime:0.000646s ]
INFO: [ app_end ] --END-- [ RunTime:0.000707s ]

[ 2018-04-24T13:52:19+08:00 ] 127.0.0.1 /apiconfig/manager
INFO: [ app_init ] --START--
INFO: Run Behavior\BuildLiteBehavior [ RunTime:0.000028s ]
INFO: [ app_init ] --END-- [ RunTime:0.000084s ]
INFO: [ app_begin ] --START--
INFO: Run Behavior\ReadHtmlCacheBehavior [ RunTime:0.001309s ]
INFO: [ app_begin ] --END-- [ RunTime:0.001356s ]
SQL: SHOW COLUMNS FROM `mst_api_list` [ RunTime:0.0008s ]
SQL: SELECT * FROM `mst_api_list` ORDER BY createtime desc  [ RunTime:0.0005s ]
INFO: [ view_parse ] --START--
INFO: [ template_filter ] --START--
INFO: Run Behavior\ContentReplaceBehavior [ RunTime:0.000060s ]
INFO: [ template_filter ] --END-- [ RunTime:0.000130s ]
NOTIC: [8] Undefined variable: mode /Users/luochao/PhpProject/wfw/MST/Runtime/Cache/Home/06b2b1093f830869ad3c274ac308a12b.php 第 208 行.
NOTIC: [8] Undefined index: api_encodemode /Users/luochao/PhpProject/wfw/MST/Runtime/Cache/Home/06b2b1093f830869ad3c274ac308a12b.php 第 311 行.
NOTIC: [8] Undefined index: api_encodemode /Users/luochao/PhpProject/wfw/MST/Runtime/Cache/Home/06b2b1093f830869ad3c274ac308a12b.php 第 311 行.
NOTIC: [8] Undefined index: api_encodemode /Users/luochao/PhpProject/wfw/MST/Runtime/Cache/Home/06b2b1093f830869ad3c274ac308a12b.php 第 311 行.
NOTIC: [8] Undefined index: api_encodemode /Users/luochao/PhpProject/wfw/MST/Runtime/Cache/Home/06b2b1093f830869ad3c274ac308a12b.php 第 311 行.
NOTIC: [8] Undefined index: api_encodemode /Users/luochao/PhpProject/wfw/MST/Runtime/Cache/Home/06b2b1093f830869ad3c274ac308a12b.php 第 311 行.
NOTIC: [8] Undefined index: api_encodemode /Users/luochao/PhpProject/wfw/MST/Runtime/Cache/Home/06b2b1093f830869ad3c274ac308a12b.php 第 311 行.
NOTIC: [8] Undefined index: api_encodemode /Users/luochao/PhpProject/wfw/MST/Runtime/Cache/Home/06b2b1093f830869ad3c274ac308a12b.php 第 311 行.
NOTIC: [8] Undefined index: api_encodemode /Users/luochao/PhpProject/wfw/MST/Runtime/Cache/Home/06b2b1093f830869ad3c274ac308a12b.php 第 311 行.
NOTIC: [8] Undefined index: api_encodemode /Users/luochao/PhpProject/wfw/MST/Runtime/Cache/Home/06b2b1093f830869ad3c274ac308a12b.php 第 311 行.
NOTIC: [8] Undefined index: api_encodemode /Users/luochao/PhpProject/wfw/MST/Runtime/Cache/Home/06b2b1093f830869ad3c274ac308a12b.php 第 311 行.
NOTIC: [8] Undefined index: api_encodemode /Users/luochao/PhpProject/wfw/MST/Runtime/Cache/Home/06b2b1093f830869ad3c274ac308a12b.php 第 311 行.
NOTIC: [8] Undefined variable: page /Users/luochao/PhpProject/wfw/MST/Runtime/Cache/Home/06b2b1093f830869ad3c274ac308a12b.php 第 330 行.
INFO: Run Behavior\ParseTemplateBehavior [ RunTime:0.017109s ]
INFO: [ view_parse ] --END-- [ RunTime:0.017148s ]
INFO: [ view_filter ] --START--
INFO: Run Behavior\WriteHtmlCacheBehavior [ RunTime:0.001094s ]
INFO: [ view_filter ] --END-- [ RunTime:0.001131s ]
INFO: [ app_end ] --START--
INFO: Run Behavior\ShowPageTraceBehavior [ RunTime:0.000695s ]
INFO: [ app_end ] --END-- [ RunTime:0.000744s ]

[ 2018-04-24T13:52:20+08:00 ] 127.0.0.1 /datashow/index
INFO: [ app_init ] --START--
INFO: Run Behavior\BuildLiteBehavior [ RunTime:0.000016s ]
INFO: [ app_init ] --END-- [ RunTime:0.000046s ]
INFO: [ app_begin ] --START--
INFO: Run Behavior\ReadHtmlCacheBehavior [ RunTime:0.000395s ]
INFO: [ app_begin ] --END-- [ RunTime:0.000445s ]
SQL: SHOW COLUMNS FROM `mst_product` [ RunTime:0.0007s ]
SQL: SELECT * FROM `mst_product` WHERE ( cid = '6' )  [ RunTime:0.0005s ]
SQL: SHOW COLUMNS FROM `mst_provincial` [ RunTime:0.0009s ]
SQL: SELECT * FROM `mst_provincial`  [ RunTime:0.0004s ]
INFO: [ view_parse ] --START--
INFO: [ template_filter ] --START--
INFO: Run Behavior\ContentReplaceBehavior [ RunTime:0.000082s ]
INFO: [ template_filter ] --END-- [ RunTime:0.000136s ]
NOTIC: [8] Undefined variable: page_id /Users/luochao/PhpProject/wfw/MST/Runtime/Cache/Home/8fc90ff6844a5386e8a2201fd589ec70.php 第 88 行.
NOTIC: [8] Undefined variable: page_id /Users/luochao/PhpProject/wfw/MST/Runtime/Cache/Home/8fc90ff6844a5386e8a2201fd589ec70.php 第 89 行.
NOTIC: [8] Undefined variable: page_id /Users/luochao/PhpProject/wfw/MST/Runtime/Cache/Home/8fc90ff6844a5386e8a2201fd589ec70.php 第 97 行.
NOTIC: [8] Undefined variable: page_id /Users/luochao/PhpProject/wfw/MST/Runtime/Cache/Home/8fc90ff6844a5386e8a2201fd589ec70.php 第 98 行.
NOTIC: [8] Undefined variable: page_id /Users/luochao/PhpProject/wfw/MST/Runtime/Cache/Home/8fc90ff6844a5386e8a2201fd589ec70.php 第 99 行.
NOTIC: [8] Undefined variable: page_id /Users/luochao/PhpProject/wfw/MST/Runtime/Cache/Home/8fc90ff6844a5386e8a2201fd589ec70.php 第 108 行.
NOTIC: [8] Undefined variable: page_id /Users/luochao/PhpProject/wfw/MST/Runtime/Cache/Home/8fc90ff6844a5386e8a2201fd589ec70.php 第 109 行.
NOTIC: [8] Undefined variable: page_id /Users/luochao/PhpProject/wfw/MST/Runtime/Cache/Home/8fc90ff6844a5386e8a2201fd589ec70.php 第 110 行.
NOTIC: [8] Undefined variable: page_id /Users/luochao/PhpProject/wfw/MST/Runtime/Cache/Home/8fc90ff6844a5386e8a2201fd589ec70.php 第 124 行.
NOTIC: [8] Undefined variable: page_id /Users/luochao/PhpProject/wfw/MST/Runtime/Cache/Home/8fc90ff6844a5386e8a2201fd589ec70.php 第 125 行.
NOTIC: [8] Undefined variable: page_id /Users/luochao/PhpProject/wfw/MST/Runtime/Cache/Home/8fc90ff6844a5386e8a2201fd589ec70.php 第 145 行.
NOTIC: [8] Undefined variable: page_id /Users/luochao/PhpProject/wfw/MST/Runtime/Cache/Home/8fc90ff6844a5386e8a2201fd589ec70.php 第 146 行.
NOTIC: [8] Undefined variable: page_id /Users/luochao/PhpProject/wfw/MST/Runtime/Cache/Home/8fc90ff6844a5386e8a2201fd589ec70.php 第 156 行.
NOTIC: [8] Undefined variable: page_id /Users/luochao/PhpProject/wfw/MST/Runtime/Cache/Home/8fc90ff6844a5386e8a2201fd589ec70.php 第 157 行.
NOTIC: [8] Undefined variable: page_id /Users/luochao/PhpProject/wfw/MST/Runtime/Cache/Home/8fc90ff6844a5386e8a2201fd589ec70.php 第 158 行.
NOTIC: [8] Undefined variable: page_id /Users/luochao/PhpProject/wfw/MST/Runtime/Cache/Home/8fc90ff6844a5386e8a2201fd589ec70.php 第 172 行.
NOTIC: [8] Undefined variable: page_id /Users/luochao/PhpProject/wfw/MST/Runtime/Cache/Home/8fc90ff6844a5386e8a2201fd589ec70.php 第 173 行.
NOTIC: [8] Undefined variable: page_id /Users/luochao/PhpProject/wfw/MST/Runtime/Cache/Home/8fc90ff6844a5386e8a2201fd589ec70.php 第 199 行.
NOTIC: [8] Undefined variable: page_id /Users/luochao/PhpProject/wfw/MST/Runtime/Cache/Home/8fc90ff6844a5386e8a2201fd589ec70.php 第 209 行.
NOTIC: [8] Undefined variable: mode /Users/luochao/PhpProject/wfw/MST/Runtime/Cache/Home/8fc90ff6844a5386e8a2201fd589ec70.php 第 211 行.
INFO: Run Behavior\ParseTemplateBehavior [ RunTime:0.015215s ]
INFO: [ view_parse ] --END-- [ RunTime:0.015261s ]
INFO: [ view_filter ] --START--
INFO: Run Behavior\WriteHtmlCacheBehavior [ RunTime:0.000157s ]
INFO: [ view_filter ] --END-- [ RunTime:0.000179s ]
INFO: [ app_end ] --START--
INFO: Run Behavior\ShowPageTraceBehavior [ RunTime:0.000611s ]
INFO: [ app_end ] --END-- [ RunTime:0.000704s ]

[ 2018-04-24T13:52:20+08:00 ] 127.0.0.1 /assets/images/icon_01.jpg.
INFO: [ app_init ] --START--
INFO: Run Behavior\BuildLiteBehavior [ RunTime:0.000018s ]
INFO: [ app_init ] --END-- [ RunTime:0.000049s ]
INFO: [ app_begin ] --START--
INFO: Run Behavior\ReadHtmlCacheBehavior [ RunTime:0.000652s ]
INFO: [ app_begin ] --END-- [ RunTime:0.000844s ]
ERR: 无法加载控制器:Assets

[ 2018-04-24T13:52:21+08:00 ] 127.0.0.1 /index/changepw
INFO: [ app_init ] --START--
INFO: Run Behavior\BuildLiteBehavior [ RunTime:0.000017s ]
INFO: [ app_init ] --END-- [ RunTime:0.000052s ]
INFO: [ app_begin ] --START--
INFO: Run Behavior\ReadHtmlCacheBehavior [ RunTime:0.000327s ]
INFO: [ app_begin ] --END-- [ RunTime:0.000372s ]
INFO: [ view_parse ] --START--
INFO: [ template_filter ] --START--
INFO: Run Behavior\ContentReplaceBehavior [ RunTime:0.000045s ]
INFO: [ template_filter ] --END-- [ RunTime:0.000086s ]
NOTIC: [8] Undefined variable: mode /Users/luochao/PhpProject/wfw/MST/Runtime/Cache/Home/4e2100941cc468d79fc17c43c950eb6b.php 第 208 行.
NOTIC: [8] Undefined variable: signature /Users/luochao/PhpProject/wfw/MST/Runtime/Cache/Home/4e2100941cc468d79fc17c43c950eb6b.php 第 291 行.
INFO: Run Behavior\ParseTemplateBehavior [ RunTime:0.010756s ]
INFO: [ view_parse ] --END-- [ RunTime:0.010797s ]
INFO: [ view_filter ] --START--
INFO: Run Behavior\WriteHtmlCacheBehavior [ RunTime:0.000121s ]
INFO: [ view_filter ] --END-- [ RunTime:0.000143s ]
INFO: [ app_end ] --START--
INFO: Run Behavior\ShowPageTraceBehavior [ RunTime:0.000463s ]
INFO: [ app_end ] --END-- [ RunTime:0.000560s ]

[ 2018-04-24T13:52:22+08:00 ] 127.0.0.1 /apiconfig/manager
INFO: [ app_init ] --START--
INFO: Run Behavior\BuildLiteBehavior [ RunTime:0.000026s ]
INFO: [ app_init ] --END-- [ RunTime:0.000057s ]
INFO: [ app_begin ] --START--
INFO: Run Behavior\ReadHtmlCacheBehavior [ RunTime:0.000308s ]
INFO: [ app_begin ] --END-- [ RunTime:0.000365s ]
SQL: SHOW COLUMNS FROM `mst_api_list` [ RunTime:0.0008s ]
SQL: SELECT * FROM `mst_api_list` ORDER BY createtime desc  [ RunTime:0.0006s ]
INFO: [ view_parse ] --START--
INFO: [ template_filter ] --START--
INFO: Run Behavior\ContentReplaceBehavior [ RunTime:0.000057s ]
INFO: [ template_filter ] --END-- [ RunTime:0.000143s ]
NOTIC: [8] Undefined variable: mode /Users/luochao/PhpProject/wfw/MST/Runtime/Cache/Home/06b2b1093f830869ad3c274ac308a12b.php 第 208 行.
NOTIC: [8] Undefined index: api_encodemode /Users/luochao/PhpProject/wfw/MST/Runtime/Cache/Home/06b2b1093f830869ad3c274ac308a12b.php 第 311 行.
NOTIC: [8] Undefined index: api_encodemode /Users/luochao/PhpProject/wfw/MST/Runtime/Cache/Home/06b2b1093f830869ad3c274ac308a12b.php 第 311 行.
NOTIC: [8] Undefined index: api_encodemode /Users/luochao/PhpProject/wfw/MST/Runtime/Cache/Home/06b2b1093f830869ad3c274ac308a12b.php 第 311 行.
NOTIC: [8] Undefined index: api_encodemode /Users/luochao/PhpProject/wfw/MST/Runtime/Cache/Home/06b2b1093f830869ad3c274ac308a12b.php 第 311 行.
NOTIC: [8] Undefined index: api_encodemode /Users/luochao/PhpProject/wfw/MST/Runtime/Cache/Home/06b2b1093f830869ad3c274ac308a12b.php 第 311 行.
NOTIC: [8] Undefined index: api_encodemode /Users/luochao/PhpProject/wfw/MST/Runtime/Cache/Home/06b2b1093f830869ad3c274ac308a12b.php 第 311 行.
NOTIC: [8] Undefined index: api_encodemode /Users/luochao/PhpProject/wfw/MST/Runtime/Cache/Home/06b2b1093f830869ad3c274ac308a12b.php 第 311 行.
NOTIC: [8] Undefined index: api_encodemode /Users/luochao/PhpProject/wfw/MST/Runtime/Cache/Home/06b2b1093f830869ad3c274ac308a12b.php 第 311 行.
NOTIC: [8] Undefined index: api_encodemode /Users/luochao/PhpProject/wfw/MST/Runtime/Cache/Home/06b2b1093f830869ad3c274ac308a12b.php 第 311 行.
NOTIC: [8] Undefined index: api_encodemode /Users/luochao/PhpProject/wfw/MST/Runtime/Cache/Home/06b2b1093f830869ad3c274ac308a12b.php 第 311 行.
NOTIC: [8] Undefined index: api_encodemode /Users/luochao/PhpProject/wfw/MST/Runtime/Cache/Home/06b2b1093f830869ad3c274ac308a12b.php 第 311 行.
NOTIC: [8] Undefined variable: page /Users/luochao/PhpProject/wfw/MST/Runtime/Cache/Home/06b2b1093f830869ad3c274ac308a12b.php 第 330 行.
INFO: Run Behavior\ParseTemplateBehavior [ RunTime:0.009816s ]
INFO: [ view_parse ] --END-- [ RunTime:0.009848s ]
INFO: [ view_filter ] --START--
INFO: Run Behavior\WriteHtmlCacheBehavior [ RunTime:0.000130s ]
INFO: [ view_filter ] --END-- [ RunTime:0.000155s ]
INFO: [ app_end ] --START--
INFO: Run Behavior\ShowPageTraceBehavior [ RunTime:0.000473s ]
INFO: [ app_end ] --END-- [ RunTime:0.000530s ]

[ 2018-04-24T13:52:28+08:00 ] 127.0.0.1 /index
INFO: [ app_init ] --START--
INFO: Run Behavior\BuildLiteBehavior [ RunTime:0.000026s ]
INFO: [ app_init ] --END-- [ RunTime:0.000057s ]
INFO: [ app_begin ] --START--
INFO: Run Behavior\ReadHtmlCacheBehavior [ RunTime:0.000301s ]
INFO: [ app_begin ] --END-- [ RunTime:0.000352s ]
SQL: SHOW COLUMNS FROM `mst_edit_company` [ RunTime:0.0008s ]
SQL: SELECT `photo_url` FROM `mst_edit_company` WHERE ( cid = '6' ) LIMIT 1   [ RunTime:0.0015s ]
SQL: SHOW COLUMNS FROM `mst_company` [ RunTime:0.0006s ]
SQL: SELECT `company_name` FROM `mst_company` WHERE ( uid = '6' ) LIMIT 1   [ RunTime:0.0003s ]
SQL: SHOW COLUMNS FROM `mst_product` [ RunTime:0.0005s ]
SQL: SELECT * FROM `mst_product` WHERE ( cid = '6' ) LIMIT 3   [ RunTime:0.0005s ]
SQL: select * from mst_batch,mst_product where mst_batch.pid=mst_product.pid and mst_batch.cid = 6 order by mst_batch.createtime desc limit 3 [ RunTime:0.0006s ]
INFO: [ view_parse ] --START--
INFO: [ template_filter ] --START--
INFO: Run Behavior\ContentReplaceBehavior [ RunTime:0.000039s ]
INFO: [ template_filter ] --END-- [ RunTime:0.000087s ]
INFO: Run Behavior\ParseTemplateBehavior [ RunTime:0.013413s ]
INFO: [ view_parse ] --END-- [ RunTime:0.013462s ]
INFO: [ view_filter ] --START--
INFO: Run Behavior\WriteHtmlCacheBehavior [ RunTime:0.000136s ]
INFO: [ view_filter ] --END-- [ RunTime:0.000160s ]
INFO: [ app_end ] --START--
INFO: Run Behavior\ShowPageTraceBehavior [ RunTime:0.000449s ]
INFO: [ app_end ] --END-- [ RunTime:0.000495s ]

[ 2018-04-24T13:52:31+08:00 ] 127.0.0.1 /user/loginout
INFO: [ app_init ] --START--
INFO: Run Behavior\BuildLiteBehavior [ RunTime:0.000015s ]
INFO: [ app_init ] --END-- [ RunTime:0.000047s ]
INFO: [ app_begin ] --START--
INFO: Run Behavior\ReadHtmlCacheBehavior [ RunTime:0.000338s ]
INFO: [ app_begin ] --END-- [ RunTime:0.000383s ]

[ 2018-04-24T13:52:31+08:00 ] 127.0.0.1 /user/login
INFO: [ app_init ] --START--
INFO: Run Behavior\BuildLiteBehavior [ RunTime:0.000017s ]
INFO: [ app_init ] --END-- [ RunTime:0.000050s ]
INFO: [ app_begin ] --START--
INFO: Run Behavior\ReadHtmlCacheBehavior [ RunTime:0.000303s ]
INFO: [ app_begin ] --END-- [ RunTime:0.000355s ]
INFO: [ view_parse ] --START--
INFO: [ template_filter ] --START--
INFO: Run Behavior\ContentReplaceBehavior [ RunTime:0.000022s ]
INFO: [ template_filter ] --END-- [ RunTime:0.000059s ]
INFO: Run Behavior\ParseTemplateBehavior [ RunTime:0.004980s ]
INFO: [ view_parse ] --END-- [ RunTime:0.005012s ]
INFO: [ view_filter ] --START--
INFO: Run Behavior\WriteHtmlCacheBehavior [ RunTime:0.000118s ]
INFO: [ view_filter ] --END-- [ RunTime:0.000139s ]
INFO: [ app_end ] --START--
INFO: Run Behavior\ShowPageTraceBehavior [ RunTime:0.000315s ]
INFO: [ app_end ] --END-- [ RunTime:0.000353s ]

[ 2018-04-24T13:52:36+08:00 ] 127.0.0.1 /user/loginIn
INFO: [ app_init ] --START--
INFO: Run Behavior\BuildLiteBehavior [ RunTime:0.000022s ]
INFO: [ app_init ] --END-- [ RunTime:0.000066s ]
INFO: [ app_begin ] --START--
INFO: Run Behavior\ReadHtmlCacheBehavior [ RunTime:0.000442s ]
INFO: [ app_begin ] --END-- [ RunTime:0.000490s ]
SQL: SHOW COLUMNS FROM `mst_company_user` [ RunTime:0.0008s ]
SQL: SELECT * FROM `mst_company_user` WHERE ( login = 'fpds' and password = '69c5fcebaa65b560eaf06c3fbeb481ae44b8d618' ) LIMIT 1   [ RunTime:0.0015s ]

[ 2018-04-24T13:52:37+08:00 ] 127.0.0.1 /index/index
INFO: [ app_init ] --START--
INFO: Run Behavior\BuildLiteBehavior [ RunTime:0.000016s ]
INFO: [ app_init ] --END-- [ RunTime:0.000047s ]
INFO: [ app_begin ] --START--
INFO: Run Behavior\ReadHtmlCacheBehavior [ RunTime:0.000596s ]
INFO: [ app_begin ] --END-- [ RunTime:0.000676s ]
SQL: SHOW COLUMNS FROM `mst_edit_company` [ RunTime:0.0007s ]
SQL: SELECT `photo_url` FROM `mst_edit_company` WHERE ( cid = '17' ) LIMIT 1   [ RunTime:0.0003s ]
SQL: SHOW COLUMNS FROM `mst_company` [ RunTime:0.0006s ]
SQL: SELECT `company_name` FROM `mst_company` WHERE ( uid = '17' ) LIMIT 1   [ RunTime:0.0003s ]
SQL: SHOW COLUMNS FROM `mst_product` [ RunTime:0.0007s ]
SQL: SELECT * FROM `mst_product` WHERE ( cid = '17' ) LIMIT 3   [ RunTime:0.0005s ]
SQL: select * from mst_batch,mst_product where mst_batch.pid=mst_product.pid and mst_batch.cid = 17 order by mst_batch.createtime desc limit 3 [ RunTime:0.0007s ]
INFO: [ view_parse ] --START--
INFO: [ template_filter ] --START--
INFO: Run Behavior\ContentReplaceBehavior [ RunTime:0.000042s ]
INFO: [ template_filter ] --END-- [ RunTime:0.000080s ]
INFO: Run Behavior\ParseTemplateBehavior [ RunTime:0.012214s ]
INFO: [ view_parse ] --END-- [ RunTime:0.012258s ]
INFO: [ view_filter ] --START--
INFO: Run Behavior\WriteHtmlCacheBehavior [ RunTime:0.000142s ]
INFO: [ view_filter ] --END-- [ RunTime:0.000166s ]
INFO: [ app_end ] --START--
INFO: Run Behavior\ShowPageTraceBehavior [ RunTime:0.000509s ]
INFO: [ app_end ] --END-- [ RunTime:0.000548s ]

[ 2018-04-24T13:52:41+08:00 ] 127.0.0.1 /product/manager/
INFO: [ app_init ] --START--
INFO: Run Behavior\BuildLiteBehavior [ RunTime:0.000020s ]
INFO: [ app_init ] --END-- [ RunTime:0.000064s ]
INFO: [ app_begin ] --START--
INFO: Run Behavior\ReadHtmlCacheBehavior [ RunTime:0.000492s ]
INFO: [ app_begin ] --END-- [ RunTime:0.000551s ]
SQL: SHOW COLUMNS FROM `mst_product` [ RunTime:0.0008s ]
SQL: SHOW COLUMNS FROM `mst_company` [ RunTime:0.0007s ]
SQL: SELECT `cid` FROM `mst_company` WHERE ( uid=17 ) LIMIT 1   [ RunTime:0.0003s ]
SQL: SELECT COUNT(*) AS tp_count FROM `mst_product` WHERE ( cid=17 ) LIMIT 1   [ RunTime:0.0005s ]
SQL: SELECT * FROM `mst_product` WHERE ( cid=17 ) ORDER BY createtime desc  [ RunTime:0.0006s ]
NOTIC: [8] Undefined variable: show /Users/luochao/PhpProject/wfw/MST/Home/Controller/ProductController.class.php 第 192 行.
INFO: [ view_parse ] --START--
INFO: [ template_filter ] --START--
INFO: Run Behavior\ContentReplaceBehavior [ RunTime:0.000042s ]
INFO: [ template_filter ] --END-- [ RunTime:0.000143s ]
NOTIC: [8] Undefined variable: mode /Users/luochao/PhpProject/wfw/MST/Runtime/Cache/Home/43ad964c92d043add0f3eeb902b06630.php 第 208 行.
INFO: Run Behavior\ParseTemplateBehavior [ RunTime:0.011141s ]
INFO: [ view_parse ] --END-- [ RunTime:0.011173s ]
INFO: [ view_filter ] --START--
INFO: Run Behavior\WriteHtmlCacheBehavior [ RunTime:0.000130s ]
INFO: [ view_filter ] --END-- [ RunTime:0.000155s ]
INFO: [ app_end ] --START--
INFO: Run Behavior\ShowPageTraceBehavior [ RunTime:0.000479s ]
INFO: [ app_end ] --END-- [ RunTime:0.000523s ]

[ 2018-04-24T13:52:43+08:00 ] 127.0.0.1 /pecorder/manager/
INFO: [ app_init ] --START--
INFO: Run Behavior\BuildLiteBehavior [ RunTime:0.000017s ]
INFO: [ app_init ] --END-- [ RunTime:0.000049s ]
INFO: [ app_begin ] --START--
INFO: Run Behavior\ReadHtmlCacheBehavior [ RunTime:0.000297s ]
INFO: [ app_begin ] --END-- [ RunTime:0.000337s ]
SQL: SHOW COLUMNS FROM `mst_batch` [ RunTime:0.0006s ]
SQL: SHOW COLUMNS FROM `mst_pec_order` [ RunTime:0.0009s ]
SQL: SHOW COLUMNS FROM `mst_product` [ RunTime:0.0007s ]
SQL: SELECT COUNT(*) AS tp_count FROM `mst_pec_order` WHERE ( cid='17' ) LIMIT 1   [ RunTime:0.0005s ]
SQL: select * from mst_batch,mst_product,mst_pec_order where mst_product.pid = mst_batch.pid and mst_batch.bid = mst_pec_order.bid  and mst_pec_order.cid = 17 order by mst_pec_order.createtime desc [ RunTime:0.0038s ]
INFO: [ view_parse ] --START--
INFO: [ template_filter ] --START--
INFO: Run Behavior\ContentReplaceBehavior [ RunTime:0.000039s ]
INFO: [ template_filter ] --END-- [ RunTime:0.000080s ]
NOTIC: [8] Undefined variable: mode /Users/luochao/PhpProject/wfw/MST/Runtime/Cache/Home/cee8f6fedc40ea3e26f44c740bc6a47a.php 第 208 行.
NOTIC: [8] Undefined variable: bid /Users/luochao/PhpProject/wfw/MST/Runtime/Cache/Home/cee8f6fedc40ea3e26f44c740bc6a47a.php 第 280 行.
NOTIC: [8] Undefined variable: product_code /Users/luochao/PhpProject/wfw/MST/Runtime/Cache/Home/cee8f6fedc40ea3e26f44c740bc6a47a.php 第 280 行.
INFO: Run Behavior\ParseTemplateBehavior [ RunTime:0.011739s ]
INFO: [ view_parse ] --END-- [ RunTime:0.011787s ]
INFO: [ view_filter ] --START--
INFO: Run Behavior\WriteHtmlCacheBehavior [ RunTime:0.000120s ]
INFO: [ view_filter ] --END-- [ RunTime:0.000152s ]
INFO: [ app_end ] --START--
INFO: Run Behavior\ShowPageTraceBehavior [ RunTime:0.000432s ]
INFO: [ app_end ] --END-- [ RunTime:0.000473s ]

[ 2018-04-24T13:52:47+08:00 ] 127.0.0.1 /apiconfig/manager
INFO: [ app_init ] --START--
INFO: Run Behavior\BuildLiteBehavior [ RunTime:0.000018s ]
INFO: [ app_init ] --END-- [ RunTime:0.000048s ]
INFO: [ app_begin ] --START--
INFO: Run Behavior\ReadHtmlCacheBehavior [ RunTime:0.000354s ]
INFO: [ app_begin ] --END-- [ RunTime:0.000402s ]
SQL: SHOW COLUMNS FROM `mst_api_list` [ RunTime:0.0008s ]
SQL: SELECT * FROM `mst_api_list` WHERE ( api_uid=17 ) ORDER BY createtime desc  [ RunTime:0.0005s ]
INFO: [ view_parse ] --START--
INFO: [ template_filter ] --START--
INFO: Run Behavior\ContentReplaceBehavior [ RunTime:0.000048s ]
INFO: [ template_filter ] --END-- [ RunTime:0.000095s ]
NOTIC: [8] Undefined variable: mode /Users/luochao/PhpProject/wfw/MST/Runtime/Cache/Home/06b2b1093f830869ad3c274ac308a12b.php 第 208 行.
NOTIC: [8] Undefined index: api_encodemode /Users/luochao/PhpProject/wfw/MST/Runtime/Cache/Home/06b2b1093f830869ad3c274ac308a12b.php 第 311 行.
NOTIC: [8] Undefined variable: page /Users/luochao/PhpProject/wfw/MST/Runtime/Cache/Home/06b2b1093f830869ad3c274ac308a12b.php 第 330 行.
INFO: Run Behavior\ParseTemplateBehavior [ RunTime:0.010148s ]
INFO: [ view_parse ] --END-- [ RunTime:0.010189s ]
INFO: [ view_filter ] --START--
INFO: Run Behavior\WriteHtmlCacheBehavior [ RunTime:0.000116s ]
INFO: [ view_filter ] --END-- [ RunTime:0.000146s ]
INFO: [ app_end ] --START--
INFO: Run Behavior\ShowPageTraceBehavior [ RunTime:0.000466s ]
INFO: [ app_end ] --END-- [ RunTime:0.000504s ]

[ 2018-04-24T13:52:49+08:00 ] 127.0.0.1 /datashow/index
INFO: [ app_init ] --START--
INFO: Run Behavior\BuildLiteBehavior [ RunTime:0.000015s ]
INFO: [ app_init ] --END-- [ RunTime:0.000054s ]
INFO: [ app_begin ] --START--
INFO: Run Behavior\ReadHtmlCacheBehavior [ RunTime:0.000327s ]
INFO: [ app_begin ] --END-- [ RunTime:0.000368s ]
SQL: SHOW COLUMNS FROM `mst_product` [ RunTime:0.0007s ]
SQL: SELECT * FROM `mst_product` WHERE ( cid = '17' )  [ RunTime:0.0006s ]
SQL: SHOW COLUMNS FROM `mst_provincial` [ RunTime:0.0005s ]
SQL: SELECT * FROM `mst_provincial`  [ RunTime:0.0003s ]
INFO: [ view_parse ] --START--
INFO: [ template_filter ] --START--
INFO: Run Behavior\ContentReplaceBehavior [ RunTime:0.000079s ]
INFO: [ template_filter ] --END-- [ RunTime:0.000139s ]
NOTIC: [8] Undefined variable: page_id /Users/luochao/PhpProject/wfw/MST/Runtime/Cache/Home/8fc90ff6844a5386e8a2201fd589ec70.php 第 88 行.
NOTIC: [8] Undefined variable: page_id /Users/luochao/PhpProject/wfw/MST/Runtime/Cache/Home/8fc90ff6844a5386e8a2201fd589ec70.php 第 89 行.
NOTIC: [8] Undefined variable: page_id /Users/luochao/PhpProject/wfw/MST/Runtime/Cache/Home/8fc90ff6844a5386e8a2201fd589ec70.php 第 97 行.
NOTIC: [8] Undefined variable: page_id /Users/luochao/PhpProject/wfw/MST/Runtime/Cache/Home/8fc90ff6844a5386e8a2201fd589ec70.php 第 98 行.
NOTIC: [8] Undefined variable: page_id /Users/luochao/PhpProject/wfw/MST/Runtime/Cache/Home/8fc90ff6844a5386e8a2201fd589ec70.php 第 99 行.
NOTIC: [8] Undefined variable: page_id /Users/luochao/PhpProject/wfw/MST/Runtime/Cache/Home/8fc90ff6844a5386e8a2201fd589ec70.php 第 108 行.
NOTIC: [8] Undefined variable: page_id /Users/luochao/PhpProject/wfw/MST/Runtime/Cache/Home/8fc90ff6844a5386e8a2201fd589ec70.php 第 109 行.
NOTIC: [8] Undefined variable: page_id /Users/luochao/PhpProject/wfw/MST/Runtime/Cache/Home/8fc90ff6844a5386e8a2201fd589ec70.php 第 110 行.
NOTIC: [8] Undefined variable: page_id /Users/luochao/PhpProject/wfw/MST/Runtime/Cache/Home/8fc90ff6844a5386e8a2201fd589ec70.php 第 124 行.
NOTIC: [8] Undefined variable: page_id /Users/luochao/PhpProject/wfw/MST/Runtime/Cache/Home/8fc90ff6844a5386e8a2201fd589ec70.php 第 125 行.
NOTIC: [8] Undefined variable: page_id /Users/luochao/PhpProject/wfw/MST/Runtime/Cache/Home/8fc90ff6844a5386e8a2201fd589ec70.php 第 145 行.
NOTIC: [8] Undefined variable: page_id /Users/luochao/PhpProject/wfw/MST/Runtime/Cache/Home/8fc90ff6844a5386e8a2201fd589ec70.php 第 146 行.
NOTIC: [8] Undefined variable: page_id /Users/luochao/PhpProject/wfw/MST/Runtime/Cache/Home/8fc90ff6844a5386e8a2201fd589ec70.php 第 156 行.
NOTIC: [8] Undefined variable: page_id /Users/luochao/PhpProject/wfw/MST/Runtime/Cache/Home/8fc90ff6844a5386e8a2201fd589ec70.php 第 157 行.
NOTIC: [8] Undefined variable: page_id /Users/luochao/PhpProject/wfw/MST/Runtime/Cache/Home/8fc90ff6844a5386e8a2201fd589ec70.php 第 158 行.
NOTIC: [8] Undefined variable: page_id /Users/luochao/PhpProject/wfw/MST/Runtime/Cache/Home/8fc90ff6844a5386e8a2201fd589ec70.php 第 172 行.
NOTIC: [8] Undefined variable: page_id /Users/luochao/PhpProject/wfw/MST/Runtime/Cache/Home/8fc90ff6844a5386e8a2201fd589ec70.php 第 173 行.
NOTIC: [8] Undefined variable: page_id /Users/luochao/PhpProject/wfw/MST/Runtime/Cache/Home/8fc90ff6844a5386e8a2201fd589ec70.php 第 199 行.
NOTIC: [8] Undefined variable: page_id /Users/luochao/PhpProject/wfw/MST/Runtime/Cache/Home/8fc90ff6844a5386e8a2201fd589ec70.php 第 209 行.
NOTIC: [8] Undefined variable: mode /Users/luochao/PhpProject/wfw/MST/Runtime/Cache/Home/8fc90ff6844a5386e8a2201fd589ec70.php 第 211 行.
INFO: Run Behavior\ParseTemplateBehavior [ RunTime:0.014807s ]
INFO: [ view_parse ] --END-- [ RunTime:0.014846s ]
INFO: [ view_filter ] --START--
INFO: Run Behavior\WriteHtmlCacheBehavior [ RunTime:0.000158s ]
INFO: [ view_filter ] --END-- [ RunTime:0.000183s ]
INFO: [ app_end ] --START--
INFO: Run Behavior\ShowPageTraceBehavior [ RunTime:0.000471s ]
INFO: [ app_end ] --END-- [ RunTime:0.000517s ]

[ 2018-04-24T13:52:49+08:00 ] 127.0.0.1 /assets/images/icon_01.jpg.
INFO: [ app_init ] --START--
INFO: Run Behavior\BuildLiteBehavior [ RunTime:0.000032s ]
INFO: [ app_init ] --END-- [ RunTime:0.000091s ]
INFO: [ app_begin ] --START--
INFO: Run Behavior\ReadHtmlCacheBehavior [ RunTime:0.000521s ]
INFO: [ app_begin ] --END-- [ RunTime:0.000584s ]
ERR: 无法加载控制器:Assets

[ 2018-04-24T13:52:55+08:00 ] 127.0.0.1 /datashow/getCondition_data
INFO: [ app_init ] --START--
INFO: Run Behavior\BuildLiteBehavior [ RunTime:0.000027s ]
INFO: [ app_init ] --END-- [ RunTime:0.000078s ]
INFO: [ app_begin ] --START--
INFO: Run Behavior\ReadHtmlCacheBehavior [ RunTime:0.000427s ]
INFO: [ app_begin ] --END-- [ RunTime:0.000483s ]
SQL: SHOW COLUMNS FROM `mst_tb_province` [ RunTime:0.0033s ]
SQL: SELECT * FROM `mst_tb_province`  [ RunTime:0.0015s ]
INFO: [ app_end ] --START--
INFO: Run Behavior\ShowPageTraceBehavior [ RunTime:0.000508s ]
INFO: [ app_end ] --END-- [ RunTime:0.000567s ]

[ 2018-04-24T13:52:55+08:00 ] 127.0.0.1 /datashow/getCondition_data
INFO: [ app_init ] --START--
INFO: Run Behavior\BuildLiteBehavior [ RunTime:0.000031s ]
INFO: [ app_init ] --END-- [ RunTime:0.000099s ]
INFO: [ app_begin ] --START--
INFO: Run Behavior\ReadHtmlCacheBehavior [ RunTime:0.000492s ]
INFO: [ app_begin ] --END-- [ RunTime:0.000554s ]
SQL: SHOW COLUMNS FROM `mst_tb_province` [ RunTime:0.0011s ]
SQL: SELECT * FROM `mst_tb_province`  [ RunTime:0.0005s ]
INFO: [ app_end ] --START--
INFO: Run Behavior\ShowPageTraceBehavior [ RunTime:0.000359s ]
INFO: [ app_end ] --END-- [ RunTime:0.000403s ]

[ 2018-04-24T13:52:55+08:00 ] 127.0.0.1 /datashow/getCondition_data
INFO: [ app_init ] --START--
INFO: Run Behavior\BuildLiteBehavior [ RunTime:0.000033s ]
INFO: [ app_init ] --END-- [ RunTime:0.000094s ]
INFO: [ app_begin ] --START--
INFO: Run Behavior\ReadHtmlCacheBehavior [ RunTime:0.000318s ]
INFO: [ app_begin ] --END-- [ RunTime:0.000383s ]
SQL: SHOW COLUMNS FROM `mst_product` [ RunTime:0.0006s ]
SQL: SELECT * FROM `mst_product` WHERE ( cid = '15' )  [ RunTime:0.0006s ]
INFO: [ app_end ] --START--
INFO: Run Behavior\ShowPageTraceBehavior [ RunTime:0.000595s ]
INFO: [ app_end ] --END-- [ RunTime:0.000641s ]

